C51 COMPILER V9.54   MPU6050                                                               05/24/2018 22:21:26 PAGE 1   


C51 COMPILER V9.54, COMPILATION OF MODULE MPU6050
OBJECT MODULE PLACED IN MPU6050.OBJ
COMPILER INVOKED BY: E:\KeilC51\C51\BIN\C51.EXE MPU6050.c LARGE OPTIMIZE(8,SPEED) BROWSE DEBUG OBJECTEXTEND

line level    source

   1          //ï»¿***************************************
   2          // Update to MPU6050 by shinetop
   3          // MCU: STC89C52
   4          // 2012.3.1
   5          // åŠŸèƒ½: æ˜¾ç¤ºåŠ é€Ÿåº¦è®¡å’Œé™€èºä»ªçš„10ä½åŸå§‹æ•°æ®
   6          //****************************************
   7          // GY-52 MPU3050 IICæµ‹è¯•ç¨‹åº
   8          // ä½¿ç”¨å•ç‰‡æœºSTC89C51
   9          // æ™¶æŒ¯ï¼š11.0592M
  10          // æ˜¾ç¤ºï¼šLCD1602
  11          // ç¼–è¯‘ç¯å¢ƒ Keil uVision2
  12          // å‚è€ƒå®æ™¶ç½‘ç«™24c04é€šä¿¡ç¨‹åº
  13          // æ—¶é—´ï¼š2011å¹´9æœˆ1æ—¥
  14          // QQï¼š531389319
  15          //****************************************
  16          #include <REG52.H>
  17          #include <math.h>    //Keil library
  18          #include <stdio.h>   //Keil library
  19          #include <INTRINS.H>
  20          typedef unsigned char  uchar;
  21          typedef unsigned short ushort;
  22          typedef unsigned int   uint;
  23          //****************************************
  24          // å®šä¹‰51å•ç‰‡æœºç«¯å£
  25          //****************************************
  26          #define DataPort P0             //LCD1602æ•°æ®ç«¯å£
  27          sbit    SCL=P0^0;                       //IICæ—¶é’Ÿå¼•è„šå®šä¹‰
  28          sbit    SDA=P0^1;                       //IICæ•°æ®å¼•è„šå®šä¹‰
  29          sbit    XDA=P0^2;
  30          sbit    XCL=P0^3;
  31          sbit    AD0=P0^4;
  32          sbit    INT=P0^5;
  33          sbit    LCM_RS=P2^0;            //LCD1602å‘½ä»¤ç«¯å£
  34          sbit    LCM_RW=P2^1;            //LCD1602å‘½ä»¤ç«¯å£
  35          sbit    LCM_EN=P2^2;            //LCD1602å‘½ä»¤ç«¯å£
  36          //****************************************
  37          // å®šä¹‰MPU6050å†…éƒ¨åœ°å€
  38          //****************************************
  39          #define SMPLRT_DIV              0x19    //é™€èºä»ªé‡‡æ ·ç‡ï¼Œå…¸å‹å€¼ï¼š0x07(125Hz)
  40          #define CONFIG                  0x1A    //ä½é€šæ»¤æ³¢é¢‘ç‡ï¼Œå…¸å‹å€¼ï¼š0x06(5Hz)
  41          #define GYRO_CONFIG             0x1B    //é™€èºä»ªè‡ªæ£€åŠæµ‹é‡èŒƒå›´ï¼Œå…¸å‹å€¼ï¼š0x18(ä¸è‡ªæ£€ï¼Œ2000deg/s)
  42          #define ACCEL_CONFIG    0x1C    //åŠ é€Ÿè®¡è‡ªæ£€ã€æµ‹é‡èŒƒå›´åŠé«˜é€šæ»¤æ³¢é¢‘ç‡ï¼Œå…¸å‹å€¼ï¼š0x01(ä¸è‡ªæ
             -£€ï¼Œ2Gï¼Œ5Hz)
  43          #define ACCEL_XOUT_H    0x3B
  44          #define ACCEL_XOUT_L    0x3C
  45          #define ACCEL_YOUT_H    0x3D
  46          #define ACCEL_YOUT_L    0x3E
  47          #define ACCEL_ZOUT_H    0x3F
  48          #define ACCEL_ZOUT_L    0x40
  49          #define TEMP_OUT_H              0x41
  50          #define TEMP_OUT_L              0x42
  51          #define GYRO_XOUT_H             0x43
  52          #define GYRO_XOUT_L             0x44
  53          #define GYRO_YOUT_H             0x45
  54          #define GYRO_YOUT_L             0x46
C51 COMPILER V9.54   MPU6050                                                               05/24/2018 22:21:26 PAGE 2   

  55          #define GYRO_ZOUT_H             0x47
  56          #define GYRO_ZOUT_L             0x48
  57          #define PWR_MGMT_1              0x6B    //ç”µæºç®¡ç†ï¼Œå…¸å‹å€¼ï¼š0x00(æ­£å¸¸å¯ç”¨)
  58          #define WHO_AM_I                0x75    //IICåœ°å€å¯„å­˜å™¨(é»˜è®¤æ•°å€¼0x68ï¼Œåªè¯»)
  59          #define SlaveAddress    0xD0    //IICå†™å…¥æ—¶çš„åœ°å€å­—èŠ‚æ•°æ®ï¼Œ+1ä¸ºè¯»å–
  60          //****************************************
  61          //å®šä¹‰ç±»å‹åŠå˜é‡
  62          //****************************************
  63          uchar dis[6];                                                   //æ˜¾ç¤ºæ•°å­—(-511è‡³512)çš„å­—ç¬¦æ•°ç»„
  64          int     dis_data;                                               //å˜é‡
  65          //int   Temperature,Temp_h,Temp_l;      //æ¸©åº¦åŠé«˜ä½ä½æ•°æ®
  66          
  67          //****************************************
  68          //æ•´æ•°è½¬å­—ç¬¦ä¸²
  69          //****************************************
  70          void lcd_printf(uchar *s,int temp_data)
  71          {
  72   1              if(temp_data<0)
  73   1              {
  74   2                      temp_data=-temp_data;
  75   2                      *s='-';
  76   2              }
  77   1              else *s=' ';
  78   1      
  79   1              *++s =temp_data/10000+0x30;
  80   1              temp_data=temp_data%10000;     //å–ä½™è¿ç®—
  81   1      
  82   1              *++s =temp_data/1000+0x30;
  83   1              temp_data=temp_data%1000;     //å–ä½™è¿ç®—
  84   1      
  85   1              *++s =temp_data/100+0x30;
  86   1              temp_data=temp_data%100;     //å–ä½™è¿ç®—
  87   1              *++s =temp_data/10+0x30;
  88   1              temp_data=temp_data%10;      //å–ä½™è¿ç®—
  89   1              *++s =temp_data+0x30;
  90   1      }
  91          //****************************************
  92          
  93          void  SeriPushSend(uchar send_data)
  94          {
  95   1          SBUF=send_data;
  96   1              while(!TI);TI=0;
  97   1      }
  98          //****************************************
  99          //å»¶æ—¶
 100          //****************************************
 101          void delay(unsigned int k)
 102          {
 103   1              unsigned int i,j;
 104   1              for(i=0;i<k;i++)
 105   1              {
 106   2                      for(j=0;j<121;j++);
 107   2              }
 108   1      }
 109          
 110          //**************************************
 111          //å»¶æ—¶5å¾®ç§’(STC90C52RC@12M)
 112          //ä¸åŒçš„å·¥ä½œç¯å¢ƒ,éœ€è¦è°ƒæ•´æ­¤å‡½æ•°
 113          //å½“æ”¹ç”¨1Tçš„MCUæ—¶,è¯·è°ƒæ•´æ­¤å»¶æ—¶å‡½æ•°
 114          //**************************************
 115          void Delay5us()
 116          {
C51 COMPILER V9.54   MPU6050                                                               05/24/2018 22:21:26 PAGE 3   

 117   1              _nop_();_nop_();_nop_();_nop_();
 118   1              _nop_();_nop_();_nop_();_nop_();
 119   1              _nop_();_nop_();_nop_();_nop_();
 120   1              _nop_();_nop_();_nop_();_nop_();
 121   1              _nop_();_nop_();_nop_();_nop_();
 122   1              _nop_();_nop_();_nop_();_nop_();
 123   1      }
 124          //**************************************
 125          //I2Cèµ·å§‹ä¿¡å·
 126          //**************************************
 127          void I2C_Start()
 128          {
 129   1          SDA = 1;                    //æ‹‰é«˜æ•°æ®çº¿
 130   1          SCL = 1;                    //æ‹‰é«˜æ—¶é’Ÿçº¿
 131   1          Delay5us();                 //å»¶æ—¶
 132   1          SDA = 0;                    //äº§ç”Ÿä¸‹é™æ²¿
 133   1          Delay5us();                 //å»¶æ—¶
 134   1          SCL = 0;                    //æ‹‰ä½æ—¶é’Ÿçº¿
 135   1      }
 136          //**************************************
 137          //I2Cåœæ­¢ä¿¡å·
 138          //**************************************
 139          void I2C_Stop()
 140          {
 141   1          SDA = 0;                    //æ‹‰ä½æ•°æ®çº¿
 142   1          SCL = 1;                    //æ‹‰é«˜æ—¶é’Ÿçº¿
 143   1          Delay5us();                 //å»¶æ—¶
 144   1          SDA = 1;                    //äº§ç”Ÿä¸Šå‡æ²¿
 145   1          Delay5us();                 //å»¶æ—¶
 146   1      }
 147          //**************************************
 148          //I2Cå‘é€åº”ç­”ä¿¡å·
 149          //å…¥å£å‚æ•°:ack (0:ACK 1:NAK)
 150          //**************************************
 151          void I2C_SendACK(bit ack)
 152          {
 153   1          SDA = ack;                  //å†™åº”ç­”ä¿¡å·
 154   1          SCL = 1;                    //æ‹‰é«˜æ—¶é’Ÿçº¿
 155   1          Delay5us();                 //å»¶æ—¶
 156   1          SCL = 0;                    //æ‹‰ä½æ—¶é’Ÿçº¿
 157   1          Delay5us();                 //å»¶æ—¶
 158   1      }
 159          //**************************************
 160          //I2Cæ¥æ”¶åº”ç­”ä¿¡å·
 161          //**************************************
 162          bit I2C_RecvACK()
 163          {
 164   1          SCL = 1;                    //æ‹‰é«˜æ—¶é’Ÿçº¿
 165   1          Delay5us();                 //å»¶æ—¶
 166   1          CY = SDA;                   //è¯»åº”ç­”ä¿¡å·
 167   1          SCL = 0;                    //æ‹‰ä½æ—¶é’Ÿçº¿
 168   1          Delay5us();                 //å»¶æ—¶
 169   1          return CY;
 170   1      }
 171          //**************************************
 172          //å‘I2Cæ€»çº¿å‘é€ä¸€ä¸ªå­—èŠ‚æ•°æ®
 173          //**************************************
 174          void I2C_SendByte(uchar dat)
 175          {
 176   1          uchar i;
 177   1          for (i=0; i<8; i++)         //8ä½è®¡æ•°å™¨
 178   1          {
C51 COMPILER V9.54   MPU6050                                                               05/24/2018 22:21:26 PAGE 4   

 179   2              dat <<= 1;              //ç§»å‡ºæ•°æ®çš„æœ€é«˜ä½
 180   2              SDA = CY;               //é€æ•°æ®å£
 181   2              SCL = 1;                //æ‹‰é«˜æ—¶é’Ÿçº¿
 182   2              Delay5us();             //å»¶æ—¶
 183   2              SCL = 0;                //æ‹‰ä½æ—¶é’Ÿçº¿
 184   2              Delay5us();             //å»¶æ—¶
 185   2          }
 186   1          I2C_RecvACK();
 187   1      }
 188          //**************************************
 189          //ä»I2Cæ€»çº¿æ¥æ”¶ä¸€ä¸ªå­—èŠ‚æ•°æ®
 190          //**************************************
 191          uchar I2C_RecvByte()
 192          {
 193   1          uchar i;
 194   1          uchar dat = 0;
 195   1          SDA = 1;                    //ä½¿èƒ½å†…éƒ¨ä¸Šæ‹‰,å‡†å¤‡è¯»å–æ•°æ®,
 196   1          for (i=0; i<8; i++)         //8ä½è®¡æ•°å™¨
 197   1          {
 198   2              dat <<= 1;
 199   2              SCL = 1;                //æ‹‰é«˜æ—¶é’Ÿçº¿
 200   2              Delay5us();             //å»¶æ—¶
 201   2              dat |= SDA;             //è¯»æ•°æ®
 202   2              SCL = 0;                //æ‹‰ä½æ—¶é’Ÿçº¿
 203   2              Delay5us();             //å»¶æ—¶
 204   2          }
 205   1          return dat;
 206   1      }
 207          //**************************************
 208          //å‘I2Cè®¾å¤‡å†™å…¥ä¸€ä¸ªå­—èŠ‚æ•°æ®
 209          //**************************************
 210          void Single_WriteI2C(uchar REG_Address,uchar REG_data)
 211          {
 212   1          I2C_Start();                  //èµ·å§‹ä¿¡å·
 213   1          I2C_SendByte(SlaveAddress);   //å‘é€è®¾å¤‡åœ°å€+å†™ä¿¡å·
 214   1          I2C_SendByte(REG_Address);    //å†…éƒ¨å¯„å­˜å™¨åœ°å€ï¼Œ
 215   1          I2C_SendByte(REG_data);       //å†…éƒ¨å¯„å­˜å™¨æ•°æ®ï¼Œ
 216   1          I2C_Stop();                   //å‘é€åœæ­¢ä¿¡å·
 217   1      }
 218          //**************************************
 219          //ä»I2Cè®¾å¤‡è¯»å–ä¸€ä¸ªå­—èŠ‚æ•°æ®
 220          //**************************************
 221          uchar Single_ReadI2C(uchar REG_Address)
 222          {
 223   1              uchar REG_data;
 224   1              I2C_Start();                   //èµ·å§‹ä¿¡å·
 225   1              I2C_SendByte(SlaveAddress);    //å‘é€è®¾å¤‡åœ°å€+å†™ä¿¡å·
 226   1              I2C_SendByte(REG_Address);     //å‘é€å­˜å‚¨å•å…ƒåœ°å€ï¼Œä»0å¼€å§‹
 227   1              I2C_Start();                   //èµ·å§‹ä¿¡å·
 228   1              I2C_SendByte(SlaveAddress+1);  //å‘é€è®¾å¤‡åœ°å€+è¯»ä¿¡å·
 229   1              REG_data=I2C_RecvByte();       //è¯»å‡ºå¯„å­˜å™¨æ•°æ®
 230   1              I2C_SendACK(1);                //æ¥æ”¶åº”ç­”ä¿¡å·
 231   1              I2C_Stop();                    //åœæ­¢ä¿¡å·
 232   1              return REG_data;
 233   1      }
 234          //**************************************
 235          //åˆå§‹åŒ–MPU6050
 236          //**************************************
 237          void InitMPU6050()
 238          {
 239   1              Single_WriteI2C(PWR_MGMT_1, 0x00);      //è§£é™¤ä¼‘çœ çŠ¶æ€
 240   1              Single_WriteI2C(SMPLRT_DIV, 0x07);
C51 COMPILER V9.54   MPU6050                                                               05/24/2018 22:21:26 PAGE 5   

 241   1              Single_WriteI2C(CONFIG, 0x04);
 242   1              Single_WriteI2C(GYRO_CONFIG, 0x08);
 243   1              Single_WriteI2C(ACCEL_CONFIG, 0x18);
 244   1      }
 245          //**************************************
 246          //åˆæˆæ•°æ®
 247          //**************************************
 248          int GetData(uchar REG_Address)
 249          {
 250   1              uchar H,L;
 251   1              H=Single_ReadI2C(REG_Address);
 252   1              L=Single_ReadI2C(REG_Address+1);
 253   1              return (H<<8)+L;   //åˆæˆæ•°æ®
 254   1      }
 255          void Delay2us(void)
 256          {
 257   1              unsigned char i;
 258   1              i = 2;
 259   1              while (--i);
 260   1      }
 261          /**
 262           * ç›´æ¥ä»6050è¯»å–æ•°æ®
 263           *
 264           * @author KingBoy (2018/5/20)
 265           *
 266           * @param buf
 267           */
 268          void Read_MPU6050(unsigned char *buf)
 269          {
 270   1              unsigned char i;
 271   1      
 272   1              I2C_Start();                  //èµ·å§‹ä¿¡å·
 273   1              I2C_SendByte(SlaveAddress);   //å‘é€è®¾å¤‡åœ°å€+å†™ä¿¡å·
 274   1              I2C_SendByte(ACCEL_XOUT_H);    //å†…éƒ¨å¯„å­˜å™¨åœ°å€ï¼Œ
 275   1              I2C_Start();                   //èµ·å§‹ä¿¡å·
 276   1              I2C_SendByte(SlaveAddress + 1);  //å‘é€è®¾å¤‡åœ°å€+è¯»ä¿¡å·
 277   1              for (i = 0; i < 13; i++)
 278   1              {
 279   2                      buf[i] = I2C_RecvByte();    //è¯»å‡ºå¯„å­˜å™¨æ•°æ®
 280   2                      SDA = 0;                    //å†™åº”ç­”ä¿¡å·
 281   2                      SCL = 1;                    //æ‹‰é«˜æ—¶é’Ÿçº¿
 282   2                      Delay2us();
 283   2                      SCL = 0;                    //æ‹‰ä½æ—¶é’Ÿçº¿
 284   2                      Delay2us();
 285   2              }
 286   1              buf[i] = I2C_RecvByte();    //æœ€åä¸€ä¸ªå­—èŠ‚
 287   1              SDA = 1;                    //å†™éåº”ç­”ä¿¡å·
 288   1              SCL = 1;                    //æ‹‰é«˜æ—¶é’Ÿçº¿
 289   1              Delay2us();
 290   1              SCL = 0;                    //æ‹‰ä½æ—¶é’Ÿçº¿
 291   1              Delay2us();
 292   1              I2C_Stop();                    //åœæ­¢ä¿¡å·
 293   1      }
 294          //**************************************
 295          //åœ¨1602ä¸Šæ˜¾ç¤º10ä½æ•°æ®
 296          //**************************************
 297          void Display10BitData(int value,uchar x,uchar y)
 298          {  uchar i;
 299   1      //      value/=64;                                                      //è½¬æ¢ä¸º10ä½æ•°æ®
 300   1              lcd_printf(dis, value);                 //è½¬æ¢æ•°æ®æ˜¾ç¤º
 301   1              for(i=0;i<6;i++)
 302   1              {
C51 COMPILER V9.54   MPU6050                                                               05/24/2018 22:21:26 PAGE 6   

 303   2              SeriPushSend(dis[i]);
 304   2          }
 305   1      
 306   1        //    DisplayListChar(x,y,dis,4);     //å¯å§‹åˆ—ï¼Œè¡Œï¼Œæ˜¾ç¤ºæ•°ç»„ï¼Œæ˜¾ç¤ºé•¿åº¦
 307   1      }
*** WARNING C280 IN LINE 297 OF MPU6050.c: 'x': unreferenced local variable
*** WARNING C280 IN LINE 297 OF MPU6050.c: 'y': unreferenced local variable
 308          //**************************************
 309          //æ˜¾ç¤ºæ¸©åº¦
 310          //**************************************
 311          //void display_temp()
 312          //{
 313          //      Temp_h=Single_ReadI2C(TEMP_OUT_H); //è¯»å–æ¸©åº¦
 314          //      Temp_l=Single_ReadI2C(TEMP_OUT_L); //è¯»å–æ¸©åº¦
 315          //      Temperature=Temp_h<<8|Temp_l;     //åˆæˆæ¸©åº¦
 316          //      Temperature = 35+ ((double) (Temperature + 13200)) / 280; // è®¡ç®—å‡ºæ¸©åº¦
 317          //      lcd_printf(dis,Temperature);     //è½¬æ¢æ•°æ®æ˜¾ç¤º
 318          //      DisplayListChar(11,1,dis,4);     //å¯å§‹åˆ—ï¼Œè¡Œï¼Œæ˜¾ç¤ºæ•°ç»„ï¼Œæ˜¾ç¤ºä½æ•°
 319          //}
 320          
 321          void init_uart()
 322          {
 323   1              TMOD=0x21;
 324   1              TH1=0xfd;
 325   1              TL1=0xfd;
 326   1      
 327   1              SCON=0x50;
 328   1              PS=1;      //ä¸²å£ä¸­æ–­è®¾ä¸ºé«˜ä¼˜å…ˆçº§åˆ«
 329   1              TR0=1;     //å¯åŠ¨å®šæ—¶å™¨
 330   1              TR1=1;
 331   1              ET0=1;     //æ‰“å¼€å®šæ—¶å™¨0ä¸­æ–­
 332   1              ES=1;
 333   1              EA=1;
 334   1      }
 335          void SerilSendStr(uchar* str,uchar len) {
 336   1              uchar i = 0;
 337   1              for (i = 0; i < len; i++) {
 338   2                      SeriPushSend(*(str+i));
 339   2              }
 340   1      }
 341          uchar checkckv(uchar* buff,uchar len)
 342          {
 343   1              uchar ret = 0x5a;
 344   1              uchar i = 0;
 345   1              for (i = 0; i < len; i++) {
 346   2                      ret += *(buff+i)^ret;
 347   2              }
 348   1              return ret;
 349   1      }
 350          
 351          unsigned char tp[16];
 352          //*********************************************************
 353          //ä¸»ç¨‹åº
 354          //*********************************************************
 355          void main()
 356          {
 357   1              uchar sendbuff[200];
 358   1              uchar len,ckvlen;
 359   1              int tempdata,i;
 360   1              delay(5000);            //ä¸Šç”µå»¶æ—¶
 361   1      //      InitLcd();              //æ¶²æ™¶åˆå§‹åŒ–
 362   1              init_uart();
C51 COMPILER V9.54   MPU6050                                                               05/24/2018 22:21:26 PAGE 7   

 363   1              delay(5000);            //ä¸Šç”µå»¶æ—¶
 364   1              InitMPU6050();  //åˆå§‹åŒ–MPU6050
 365   1              while(Single_ReadI2C(WHO_AM_I)!=0x68);
 366   1              delay(1500);
 367   1              AD0 = 0;
 368   1              XDA = 0;
 369   1              XCL = 0;
 370   1              INT = 0;
 371   1              while(1)
 372   1              {
 373   2                      Read_MPU6050(tp);
 374   2                      len = 0;
 375   2                      sendbuff[len++] = '$';
 376   2                      sendbuff[len++] = 0x55;
 377   2                      sendbuff[len++] = 0xaa;
 378   2                      for(i = 0;i<14;i++)
 379   2                              sendbuff[len++] = tp[i];
 380   2                      /*
 381   2                      tempdata = GetData(ACCEL_XOUT_H);
 382   2                      sendbuff[len++] = tempdata&0xff;
 383   2                      sendbuff[len++] = (tempdata>>8)&0xff;
 384   2                      sendbuff[len++] = (tempdata>>16)&0xff;
 385   2                      sendbuff[len++] = (tempdata>>24)&0xff;
 386   2                      tempdata = GetData(ACCEL_YOUT_H);
 387   2                      sendbuff[len++] = tempdata&0xff;
 388   2                      sendbuff[len++] = (tempdata>>8)&0xff;
 389   2                      sendbuff[len++] = (tempdata>>16)&0xff;
 390   2                      sendbuff[len++] = (tempdata>>24)&0xff;
 391   2                      tempdata = GetData(ACCEL_ZOUT_H);
 392   2                      sendbuff[len++] = tempdata&0xff;
 393   2                      sendbuff[len++] = (tempdata>>8)&0xff;
 394   2                      sendbuff[len++] = (tempdata>>16)&0xff;
 395   2                      sendbuff[len++] = (tempdata>>24)&0xff;
 396   2                      tempdata = GetData(GYRO_XOUT_H);
 397   2                      sendbuff[len++] = tempdata&0xff;
 398   2                      sendbuff[len++] = (tempdata>>8)&0xff;
 399   2                      sendbuff[len++] = (tempdata>>16)&0xff;
 400   2                      sendbuff[len++] = (tempdata>>24)&0xff;
 401   2                      tempdata = GetData(GYRO_YOUT_H);
 402   2                      sendbuff[len++] = tempdata&0xff;
 403   2                      sendbuff[len++] = (tempdata>>8)&0xff;
 404   2                      sendbuff[len++] = (tempdata>>16)&0xff;
 405   2                      sendbuff[len++] = (tempdata>>24)&0xff;
 406   2                      tempdata = GetData(GYRO_ZOUT_H);
 407   2                      sendbuff[len++] = tempdata&0xff;
 408   2                      sendbuff[len++] = (tempdata>>8)&0xff;
 409   2                      sendbuff[len++] = (tempdata>>16)&0xff;
 410   2                      sendbuff[len++] = (tempdata>>24)&0xff;
 411   2                      ckvlen = len;
 412   2                      sendbuff[len++] = checkckv(sendbuff,ckvlen);
 413   2                      */
 414   2                      sendbuff[len++] = 0x0d;
 415   2                      sendbuff[len++] = 0x0a;
 416   2                      SerilSendStr(sendbuff,len);
 417   2                      delay(100);
 418   2              }
 419   1      }
*** WARNING C280 IN LINE 358 OF MPU6050.c: 'ckvlen': unreferenced local variable
*** WARNING C280 IN LINE 359 OF MPU6050.c: 'tempdata': unreferenced local variable


MODULE INFORMATION:   STATIC OVERLAYABLE
C51 COMPILER V9.54   MPU6050                                                               05/24/2018 22:21:26 PAGE 8   

   CODE SIZE        =   1114    ----
   CONSTANT SIZE    =   ----    ----
   XDATA SIZE       =     24     221
   PDATA SIZE       =   ----    ----
   DATA SIZE        =   ----    ----
   IDATA SIZE       =   ----    ----
   BIT SIZE         =   ----       1
END OF MODULE INFORMATION.


C51 COMPILATION COMPLETE.  4 WARNING(S),  0 ERROR(S)
